  [1m[35m (0.1ms)[0m  [1m[34mSELECT sqlite_version(*)[0m
  ↳ bin/rails:9
  [1m[35m (139.8ms)[0m  [1m[35mCREATE TABLE "schema_migrations" ("version" varchar NOT NULL PRIMARY KEY)[0m
  ↳ bin/rails:9
  [1m[35m (108.1ms)[0m  [1m[35mCREATE TABLE "ar_internal_metadata" ("key" varchar NOT NULL PRIMARY KEY, "value" varchar, "created_at" datetime NOT NULL, "updated_at" datetime NOT NULL)[0m
  ↳ bin/rails:9
  [1m[36mActiveRecord::InternalMetadata Load (0.4ms)[0m  [1m[34mSELECT  "ar_internal_metadata".* FROM "ar_internal_metadata" WHERE "ar_internal_metadata"."key" = ? LIMIT ?[0m  [["key", "environment"], ["LIMIT", 1]]
  ↳ bin/rails:9
  [1m[35m (0.1ms)[0m  [1m[36mbegin transaction[0m
  ↳ bin/rails:9
  [1m[36mActiveRecord::InternalMetadata Create (0.3ms)[0m  [1m[32mINSERT INTO "ar_internal_metadata" ("key", "value", "created_at", "updated_at") VALUES (?, ?, ?, ?)[0m  [["key", "environment"], ["value", "development"], ["created_at", "2018-07-30 23:36:22.791878"], ["updated_at", "2018-07-30 23:36:22.791878"]]
  ↳ bin/rails:9
  [1m[35m (77.3ms)[0m  [1m[36mcommit transaction[0m
  ↳ bin/rails:9
  [1m[35m (0.1ms)[0m  [1m[34mSELECT "schema_migrations"."version" FROM "schema_migrations" ORDER BY "schema_migrations"."version" ASC[0m
  ↳ bin/rails:9
  [1m[35m (6.5ms)[0m  [1m[34mSELECT "schema_migrations"."version" FROM "schema_migrations" ORDER BY "schema_migrations"."version" ASC[0m
  ↳ bin/rails:9
Started GET "/" for 127.0.0.1 at 2018-07-31 01:41:15 +0200
Processing by StaticPagesController#home as HTML
  Rendering static_pages/home.html.erb within layouts/application
  Rendered static_pages/home.html.erb within layouts/application (1.5ms)
Completed 200 OK in 941ms (Views: 932.6ms | ActiveRecord: 0.0ms)


Started GET "/contact" for 127.0.0.1 at 2018-07-31 01:41:21 +0200
Processing by StaticPagesController#contact as HTML
  Rendering static_pages/contact.html.erb within layouts/application
  Rendered static_pages/contact.html.erb within layouts/application (0.6ms)
Completed 200 OK in 28ms (Views: 26.5ms | ActiveRecord: 0.0ms)


Started GET "/about" for 127.0.0.1 at 2018-07-31 01:41:22 +0200
Processing by StaticPagesController#about as HTML
  Rendering static_pages/about.html.erb within layouts/application
  Rendered static_pages/about.html.erb within layouts/application (0.6ms)
Completed 200 OK in 56ms (Views: 53.9ms | ActiveRecord: 0.0ms)


Started GET "/contact" for 127.0.0.1 at 2018-07-31 01:41:23 +0200
Processing by StaticPagesController#contact as HTML
  Rendering static_pages/contact.html.erb within layouts/application
  Rendered static_pages/contact.html.erb within layouts/application (0.5ms)
Completed 200 OK in 25ms (Views: 22.5ms | ActiveRecord: 0.0ms)


Started GET "/about" for 127.0.0.1 at 2018-07-31 01:41:23 +0200
Processing by StaticPagesController#about as HTML
  Rendering static_pages/about.html.erb within layouts/application
  Rendered static_pages/about.html.erb within layouts/application (0.5ms)
Completed 200 OK in 24ms (Views: 23.1ms | ActiveRecord: 0.0ms)


Started GET "/contact" for 127.0.0.1 at 2018-07-31 01:41:25 +0200
Processing by StaticPagesController#contact as HTML
  Rendering static_pages/contact.html.erb within layouts/application
  Rendered static_pages/contact.html.erb within layouts/application (0.8ms)
Completed 200 OK in 36ms (Views: 34.7ms | ActiveRecord: 0.0ms)


Started GET "/about" for 127.0.0.1 at 2018-07-31 01:41:25 +0200
Processing by StaticPagesController#about as HTML
  Rendering static_pages/about.html.erb within layouts/application
  Rendered static_pages/about.html.erb within layouts/application (0.6ms)
Completed 200 OK in 48ms (Views: 44.9ms | ActiveRecord: 0.0ms)


Started GET "/about/toi" for 127.0.0.1 at 2018-07-31 01:41:25 +0200
Processing by StaticPagesController#toi as HTML
  Rendering static_pages/toi.html.erb within layouts/application
  Rendered static_pages/toi.html.erb within layouts/application (0.9ms)
Completed 200 OK in 40ms (Views: 38.2ms | ActiveRecord: 0.0ms)


Started GET "/about/ton_groupe" for 127.0.0.1 at 2018-07-31 01:41:26 +0200
Processing by StaticPagesController#ton_groupe as HTML
  Rendering static_pages/ton_groupe.html.erb within layouts/application
  Rendered static_pages/ton_groupe.html.erb within layouts/application (0.7ms)
Completed 200 OK in 44ms (Views: 41.7ms | ActiveRecord: 0.0ms)


Started GET "/about/ton_groupe" for 127.0.0.1 at 2018-07-31 01:41:27 +0200
Processing by StaticPagesController#ton_groupe as HTML
  Rendering static_pages/ton_groupe.html.erb within layouts/application
  Rendered static_pages/ton_groupe.html.erb within layouts/application (0.7ms)
Completed 200 OK in 54ms (Views: 52.7ms | ActiveRecord: 0.0ms)


Started GET "/about/ton_groupe" for 127.0.0.1 at 2018-07-31 01:41:28 +0200
Processing by StaticPagesController#ton_groupe as HTML
  Rendering static_pages/ton_groupe.html.erb within layouts/application
  Rendered static_pages/ton_groupe.html.erb within layouts/application (0.9ms)
Completed 200 OK in 25ms (Views: 23.1ms | ActiveRecord: 0.0ms)


Started GET "/about/ton_groupe" for 127.0.0.1 at 2018-07-31 01:41:28 +0200
Processing by StaticPagesController#ton_groupe as HTML
  Rendering static_pages/ton_groupe.html.erb within layouts/application
  Rendered static_pages/ton_groupe.html.erb within layouts/application (0.8ms)
Completed 200 OK in 27ms (Views: 25.0ms | ActiveRecord: 0.0ms)


Started GET "/about/ton_groupe" for 127.0.0.1 at 2018-07-31 01:41:30 +0200
Processing by StaticPagesController#ton_groupe as HTML
  Rendering static_pages/ton_groupe.html.erb within layouts/application
  Rendered static_pages/ton_groupe.html.erb within layouts/application (0.6ms)
Completed 200 OK in 26ms (Views: 24.7ms | ActiveRecord: 0.0ms)


Started GET "/about/ton_groupe" for 127.0.0.1 at 2018-07-31 01:41:30 +0200
Processing by StaticPagesController#ton_groupe as HTML
  Rendering static_pages/ton_groupe.html.erb within layouts/application
  Rendered static_pages/ton_groupe.html.erb within layouts/application (0.6ms)
Completed 200 OK in 25ms (Views: 23.6ms | ActiveRecord: 0.0ms)


Started GET "/about/ton_groupe" for 127.0.0.1 at 2018-07-31 01:41:31 +0200
Processing by StaticPagesController#ton_groupe as HTML
  Rendering static_pages/ton_groupe.html.erb within layouts/application
  Rendered static_pages/ton_groupe.html.erb within layouts/application (0.6ms)
Completed 200 OK in 27ms (Views: 25.4ms | ActiveRecord: 0.0ms)


Started GET "/about/ton_groupe" for 127.0.0.1 at 2018-07-31 01:41:31 +0200
Processing by StaticPagesController#ton_groupe as HTML
  Rendering static_pages/ton_groupe.html.erb within layouts/application
  Rendered static_pages/ton_groupe.html.erb within layouts/application (0.7ms)
Completed 200 OK in 29ms (Views: 27.1ms | ActiveRecord: 0.0ms)


Started GET "/about/ton_groupe" for 127.0.0.1 at 2018-07-31 01:41:32 +0200
Processing by StaticPagesController#ton_groupe as HTML
  Rendering static_pages/ton_groupe.html.erb within layouts/application
  Rendered static_pages/ton_groupe.html.erb within layouts/application (0.6ms)
Completed 200 OK in 29ms (Views: 27.3ms | ActiveRecord: 0.0ms)


Started GET "/about/toi" for 127.0.0.1 at 2018-07-31 01:41:33 +0200
Processing by StaticPagesController#toi as HTML
  Rendering static_pages/toi.html.erb within layouts/application
  Rendered static_pages/toi.html.erb within layouts/application (0.5ms)
Completed 200 OK in 30ms (Views: 28.5ms | ActiveRecord: 0.0ms)


Started GET "/about" for 127.0.0.1 at 2018-07-31 01:41:34 +0200
Processing by StaticPagesController#about as HTML
  Rendering static_pages/about.html.erb within layouts/application
  Rendered static_pages/about.html.erb within layouts/application (0.6ms)
Completed 200 OK in 23ms (Views: 21.2ms | ActiveRecord: 0.0ms)


Started GET "/contact" for 127.0.0.1 at 2018-07-31 01:41:34 +0200
Processing by StaticPagesController#contact as HTML
  Rendering static_pages/contact.html.erb within layouts/application
  Rendered static_pages/contact.html.erb within layouts/application (0.6ms)
Completed 200 OK in 20ms (Views: 18.6ms | ActiveRecord: 0.0ms)


Started GET "/" for 127.0.0.1 at 2018-07-31 01:41:36 +0200
Processing by StaticPagesController#home as HTML
  Rendering static_pages/home.html.erb within layouts/application
  Rendered static_pages/home.html.erb within layouts/application (0.5ms)
Completed 200 OK in 21ms (Views: 19.5ms | ActiveRecord: 0.0ms)


Started GET "/" for 127.0.0.1 at 2018-07-31 01:41:36 +0200
Processing by StaticPagesController#home as HTML
  Rendering static_pages/home.html.erb within layouts/application
  Rendered static_pages/home.html.erb within layouts/application (0.6ms)
Completed 200 OK in 22ms (Views: 20.5ms | ActiveRecord: 0.0ms)


Started GET "/" for 127.0.0.1 at 2018-07-31 01:41:37 +0200
Processing by StaticPagesController#home as HTML
  Rendering static_pages/home.html.erb within layouts/application
  Rendered static_pages/home.html.erb within layouts/application (0.6ms)
Completed 200 OK in 24ms (Views: 22.4ms | ActiveRecord: 0.0ms)


Started GET "/" for 127.0.0.1 at 2018-07-31 01:41:38 +0200
Processing by StaticPagesController#home as HTML
  Rendering static_pages/home.html.erb within layouts/application
  Rendered static_pages/home.html.erb within layouts/application (0.7ms)
Completed 200 OK in 23ms (Views: 21.2ms | ActiveRecord: 0.0ms)


Started GET "/" for 127.0.0.1 at 2018-07-31 01:41:38 +0200
Processing by StaticPagesController#home as HTML
  Rendering static_pages/home.html.erb within layouts/application
  Rendered static_pages/home.html.erb within layouts/application (0.6ms)
Completed 200 OK in 30ms (Views: 28.3ms | ActiveRecord: 0.0ms)


Started GET "/" for 127.0.0.1 at 2018-07-31 01:41:39 +0200
Processing by StaticPagesController#home as HTML
  Rendering static_pages/home.html.erb within layouts/application
  Rendered static_pages/home.html.erb within layouts/application (0.5ms)
Completed 200 OK in 22ms (Views: 20.1ms | ActiveRecord: 0.0ms)


Started GET "/" for 127.0.0.1 at 2018-07-31 01:41:39 +0200
Processing by StaticPagesController#home as HTML
  Rendering static_pages/home.html.erb within layouts/application
  Rendered static_pages/home.html.erb within layouts/application (0.7ms)
Completed 200 OK in 27ms (Views: 25.2ms | ActiveRecord: 0.0ms)


Started GET "/contact" for 127.0.0.1 at 2018-07-31 01:41:40 +0200
Processing by StaticPagesController#contact as HTML
  Rendering static_pages/contact.html.erb within layouts/application
  Rendered static_pages/contact.html.erb within layouts/application (0.5ms)
Completed 200 OK in 24ms (Views: 22.5ms | ActiveRecord: 0.0ms)


Started GET "/about/toi" for 127.0.0.1 at 2018-07-31 01:41:54 +0200
Processing by StaticPagesController#toi as HTML
  Rendering static_pages/toi.html.erb within layouts/application
  Rendered static_pages/toi.html.erb within layouts/application (0.6ms)
Completed 200 OK in 23ms (Views: 22.1ms | ActiveRecord: 0.0ms)


Started GET "/about/ton_groupe" for 127.0.0.1 at 2018-07-31 01:41:56 +0200
Processing by StaticPagesController#ton_groupe as HTML
  Rendering static_pages/ton_groupe.html.erb within layouts/application
  Rendered static_pages/ton_groupe.html.erb within layouts/application (0.6ms)
Completed 200 OK in 24ms (Views: 23.1ms | ActiveRecord: 0.0ms)


Started GET "/about/ton_groupe" for 127.0.0.1 at 2018-07-31 01:41:58 +0200
Processing by StaticPagesController#ton_groupe as HTML
  Rendering static_pages/ton_groupe.html.erb within layouts/application
  Rendered static_pages/ton_groupe.html.erb within layouts/application (0.6ms)
Completed 200 OK in 23ms (Views: 21.5ms | ActiveRecord: 0.0ms)


Started GET "/about/ton_groupe" for 127.0.0.1 at 2018-07-31 01:41:58 +0200
Processing by StaticPagesController#ton_groupe as HTML
  Rendering static_pages/ton_groupe.html.erb within layouts/application
  Rendered static_pages/ton_groupe.html.erb within layouts/application (0.6ms)
Completed 200 OK in 27ms (Views: 25.3ms | ActiveRecord: 0.0ms)


Started GET "/about/ton_groupe" for 127.0.0.1 at 2018-07-31 01:48:40 +0200
Processing by StaticPagesController#ton_groupe as HTML
  Rendering static_pages/ton_groupe.html.erb within layouts/application
  Rendered static_pages/ton_groupe.html.erb within layouts/application (0.5ms)
Completed 200 OK in 23ms (Views: 21.4ms | ActiveRecord: 0.0ms)


Started GET "/about/ton_groupe" for 127.0.0.1 at 2018-07-31 01:48:43 +0200
Processing by StaticPagesController#ton_groupe as HTML
  Rendering static_pages/ton_groupe.html.erb within layouts/application
  Rendered static_pages/ton_groupe.html.erb within layouts/application (0.6ms)
Completed 200 OK in 23ms (Views: 21.7ms | ActiveRecord: 0.0ms)


Started GET "/" for 127.0.0.1 at 2018-07-31 01:48:44 +0200
Processing by StaticPagesController#home as HTML
  Rendering static_pages/home.html.erb within layouts/application
  Rendered static_pages/home.html.erb within layouts/application (0.4ms)
Completed 200 OK in 19ms (Views: 17.6ms | ActiveRecord: 0.0ms)


Started GET "/contact" for 127.0.0.1 at 2018-07-31 01:48:49 +0200
Processing by StaticPagesController#contact as HTML
  Rendering static_pages/contact.html.erb within layouts/application
  Rendered static_pages/contact.html.erb within layouts/application (0.5ms)
Completed 200 OK in 24ms (Views: 22.4ms | ActiveRecord: 0.0ms)


Started GET "/about" for 127.0.0.1 at 2018-07-31 01:48:50 +0200
Processing by StaticPagesController#about as HTML
  Rendering static_pages/about.html.erb within layouts/application
  Rendered static_pages/about.html.erb within layouts/application (0.5ms)
Completed 200 OK in 21ms (Views: 18.8ms | ActiveRecord: 0.0ms)


Started GET "/about/toi" for 127.0.0.1 at 2018-07-31 01:48:55 +0200
Processing by StaticPagesController#toi as HTML
  Rendering static_pages/toi.html.erb within layouts/application
  Rendered static_pages/toi.html.erb within layouts/application (0.6ms)
Completed 200 OK in 29ms (Views: 27.4ms | ActiveRecord: 0.0ms)


Started GET "/about/ton_groupe" for 127.0.0.1 at 2018-07-31 01:49:00 +0200
Processing by StaticPagesController#ton_groupe as HTML
  Rendering static_pages/ton_groupe.html.erb within layouts/application
  Rendered static_pages/ton_groupe.html.erb within layouts/application (0.6ms)
Completed 200 OK in 32ms (Views: 30.7ms | ActiveRecord: 0.0ms)


Started GET "/about/ton_groupe" for 127.0.0.1 at 2018-07-31 01:49:08 +0200
Processing by StaticPagesController#ton_groupe as HTML
  Rendering static_pages/ton_groupe.html.erb within layouts/application
  Rendered static_pages/ton_groupe.html.erb within layouts/application (0.6ms)
Completed 200 OK in 25ms (Views: 23.3ms | ActiveRecord: 0.0ms)


Started GET "/about/ton_groupe" for 127.0.0.1 at 2018-07-31 01:49:08 +0200
Processing by StaticPagesController#ton_groupe as HTML
  Rendering static_pages/ton_groupe.html.erb within layouts/application
  Rendered static_pages/ton_groupe.html.erb within layouts/application (0.5ms)
Completed 200 OK in 24ms (Views: 22.5ms | ActiveRecord: 0.0ms)


Started GET "/about/ton_groupe" for 127.0.0.1 at 2018-07-31 01:49:09 +0200
Processing by StaticPagesController#ton_groupe as HTML
  Rendering static_pages/ton_groupe.html.erb within layouts/application
  Rendered static_pages/ton_groupe.html.erb within layouts/application (0.6ms)
Completed 200 OK in 29ms (Views: 27.1ms | ActiveRecord: 0.0ms)


  [1m[36mActiveRecord::InternalMetadata Load (0.3ms)[0m  [1m[34mSELECT  "ar_internal_metadata".* FROM "ar_internal_metadata" WHERE "ar_internal_metadata"."key" = ? LIMIT ?[0m  [["key", "environment"], ["LIMIT", 1]]
  ↳ bin/rails:9
  [1m[35m (0.1ms)[0m  [1m[36mbegin transaction[0m
  ↳ bin/rails:9
  [1m[35m (0.1ms)[0m  [1m[36mcommit transaction[0m
  ↳ bin/rails:9
  [1m[35m (0.3ms)[0m  [1m[34mSELECT "schema_migrations"."version" FROM "schema_migrations" ORDER BY "schema_migrations"."version" ASC[0m
  ↳ bin/rails:9
  [1m[35m (0.2ms)[0m  [1m[34mSELECT "schema_migrations"."version" FROM "schema_migrations" ORDER BY "schema_migrations"."version" ASC[0m
  ↳ bin/rails:9
